08:22:50 15.03.2010:  -  [0 Sekunden]
08:26:29 15.03.2010: Mixhell - Boom Da (Crookers Remix) [275 Sekunden]
10:13:09 15.03.2010: Samwell - What What (In The Butt) - Bloo [284 Sekunden]
10:13:26 15.03.2010: Don Rimini - Let Me Back Up - Crookers Tet [352 Sekunden]
10:19:19 15.03.2010: Calvin Harris - Traffic Cops [101 Sekunden]
10:21:00 15.03.2010:  - Fog (The Bloody Beetroots Remix) [193 Sekunden]
10:24:13 15.03.2010: The Bloody Beetroots - Rotten Pick [294 Sekunden]
10:29:07 15.03.2010: Goose - Everybody (The Bloody Beetroot [287 Sekunden]
10:33:54 15.03.2010: Busy P (Crookers Remix) - To Protect And Entertain [309 Sekunden]
10:39:03 15.03.2010: The Bloody Beetroots - Cornelius (Dala Edit) [267 Sekunden]
10:39:45 15.03.2010: Crookers - Knobbers [302 Sekunden]
13:07:01 15.03.2010: The Bloody Beetroots - Butter [292 Sekunden]
13:08:02 15.03.2010: The Bloody Beetroots - Butter [292 Sekunden]
13:12:58 15.03.2010: The Bloody Beetroots - Butter [292 Sekunden]
13:18:08 15.03.2010: The Bloody Beetroots - Butter [292 Sekunden]
13:18:09 15.03.2010: The Bloody Beetroots - Butter [292 Sekunden]
13:19:07 15.03.2010: The Bloody Beetroots - Butter [292 Sekunden]
13:49:46 20.04.2010: The Bloody Beetroots - Butter [292 Sekunden]
13:50:45 20.04.2010: The Bloody Beetroots - Butter [292 Sekunden]
13:55:37 20.04.2010: The Bloody Beetroots - Butter [292 Sekunden]
14:00:30 20.04.2010: The Bloody Beetroots - Butter [292 Sekunden]
14:05:22 20.04.2010: The Bloody Beetroots - Butter [292 Sekunden]
14:10:20 20.04.2010: The Bloody Beetroots - Butter [292 Sekunden]
14:15:13 20.04.2010: The Bloody Beetroots - Butter [292 Sekunden]
14:20:16 20.04.2010: The Bloody Beetroots - Butter [292 Sekunden]
14:25:15 20.04.2010: The Bloody Beetroots - Butter [292 Sekunden]
14:30:15 20.04.2010: The Bloody Beetroots - Butter [292 Sekunden]
14:35:18 20.04.2010: The Bloody Beetroots - Butter [292 Sekunden]
14:37:47 20.04.2010: The Bloody Beetroots - Butter [292 Sekunden]
14:37:58 20.04.2010: Zoo Brazil & Adam Sky - Circle Jerk (The Bloody Beetro [456 Sekunden]
14:38:50 20.04.2010:  - Storm [228 Sekunden]
14:38:51 20.04.2010: Tocadisco Feat. Chelonis R. Jo - Shrine (Crookers Rmx) [429 Sekunden]
14:38:58 20.04.2010: Wu Tang Clan - Stomp (The Bloody Beetroots Re [168 Sekunden]
14:38:59 20.04.2010: Crookers - My Penny [285 Sekunden]
14:40:13 20.04.2010: Crookers  - Crookers - Lick My Lennon (The [258 Sekunden]
14:44:32 20.04.2010: The Bloody Beetroots - Dimmakmmunication [211 Sekunden]
14:45:57 20.04.2010: The Bloody Beetroots - Brooklyn MIX [2895 Sekunden]
14:46:00 20.04.2010: The Ting Tings - Great DJ (Calvin Harris Remix) [608 Sekunden]
14:48:09 20.04.2010: The Bloody Beetroots Feat Stev - WARP 1.9 [233 Sekunden]
14:52:02 20.04.2010: The Bloody Beetroots - Dan Sena - Italofuker (BB Drop [354 Sekunden]
14:52:37 20.04.2010: The Bloody Beetroots - Oh Gosh they've taken Panorami [360 Sekunden]
14:57:33 20.04.2010: Calvin Harris - Electro Man [474 Sekunden]
14:57:57 20.04.2010: Calvin Harris - Certified [409 Sekunden]
15:00:00 20.04.2010: Crookers  - Big Fat Club Ass [356 Sekunden]
15:04:46 20.04.2010: Calvin Harris - Love Souvenir [378 Sekunden]
15:06:01 20.04.2010: Cut Copy - Hearts on Fire (Calvin Harris [338 Sekunden]
15:11:40 20.04.2010: Steve Aoki  - Steve Aoki - Bloc Party [351 Sekunden]
15:14:41 20.04.2010: The Bloody Beetroots Feat Stev - WARP 1.9 [233 Sekunden]
15:17:32 20.04.2010: Crookers - Il Buono - Original Mix [292 Sekunden]
15:22:30 20.04.2010: The Bloody Beetroots Feat Stev - WARP 1.9 [233 Sekunden]
15:26:24 20.04.2010: AdamSkyVSMarkStewart - WeAreAllProstitutes(CrookersRemix) [389 Sekunden]
15:29:42 20.04.2010: The Bloody Beetroots - WARP 1977 (Feat. Steve Aoki & [184 Sekunden]
15:32:52 20.04.2010: The Bloody Beetroots Feat Stev - WARP 1.9 [233 Sekunden]
15:36:51 20.04.2010: 9A - ACDC - Thunderstruck (Crookers Remix) [326 Sekunden]
15:42:17 20.04.2010: Crookers - Il Buono - Original Mix [292 Sekunden]
15:47:10 20.04.2010: Calvin Harris - Disco Heat [429 Sekunden]
15:54:19 20.04.2010: 9A - ACDC - Thunderstruck (Crookers Remix) [326 Sekunden]
15:59:51 20.04.2010: Steve Aoki  - Steve Aoki - Bloc Party [351 Sekunden]
16:05:47 20.04.2010: Dizzee Rascal feat. Calvin Har - Dance Wiv Me [203 Sekunden]
16:09:16 20.04.2010: Steve Angello & Laidback Luke - Be (laidback lukes rave-edit) [418 Sekunden]
16:16:20 20.04.2010: Dizzee Rascal feat. Calvin Har - Dance Wiv Me [203 Sekunden]
16:19:44 20.04.2010: Steve Aoki  - Steve Aoki - Bloc Party [351 Sekunden]
16:25:40 20.04.2010: Calvin Harris - Disco Heat [429 Sekunden]
16:32:50 20.04.2010: Steve Aoki  - Steve Aoki - Bloc Party [351 Sekunden]
16:38:46 20.04.2010: Steve Angello & Laidback Luke - Be (laidback lukes rave-edit) [418 Sekunden]
16:45:51 20.04.2010: The Bloody Beetroots - WARP 1977 (Feat. Steve Aoki & [184 Sekunden]
16:49:00 20.04.2010: Alex Gopher  - Alex Gopher - Aurora (Original [344 Sekunden]
16:54:45 20.04.2010: Crookers - Il Buono - Original Mix [292 Sekunden]
16:59:43 20.04.2010: Dizzee Rascal feat. Calvin Har - Dance Wiv Me [203 Sekunden]
17:03:11 20.04.2010: 9A - ACDC - Thunderstruck (Crookers Remix) [326 Sekunden]
17:08:38 20.04.2010: 9A - ACDC - Thunderstruck (Crookers Remix) [326 Sekunden]
17:14:13 20.04.2010: Alex Gopher  - Alex Gopher - Aurora (Original [344 Sekunden]
17:20:03 20.04.2010: Calvin Harris - Disco Heat [429 Sekunden]
17:27:17 20.04.2010: Alex Gopher  - Alex Gopher - Aurora (Original [344 Sekunden]
17:33:02 20.04.2010: 9A - ACDC - Thunderstruck (Crookers Remix) [326 Sekunden]
17:38:33 20.04.2010: AdamSkyVSMarkStewart - WeAreAllProstitutes(CrookersRemix) [389 Sekunden]
17:45:08 20.04.2010: AdamSkyVSMarkStewart - WeAreAllProstitutes(CrookersRemix) [389 Sekunden]
17:51:42 20.04.2010: AdamSkyVSMarkStewart - WeAreAllProstitutes(CrookersRemix) [389 Sekunden]
17:58:12 20.04.2010: Alex Gopher  - Alex Gopher - Aurora (Original [344 Sekunden]
18:04:01 20.04.2010: Steve Aoki  - Steve Aoki - Bloc Party [351 Sekunden]
15:24:19 21.04.2010: The Bloody Beetroots Feat Stev - WARP 1.9 [233 Sekunden]
15:26:00 21.04.2010: Alex Gopher  - Alex Gopher - Aurora (Original [344 Sekunden]
15:31:45 21.04.2010: Dizzee Rascal feat. Calvin Har - Dance Wiv Me [203 Sekunden]
15:35:08 21.04.2010: AdamSkyVSMarkStewart - WeAreAllProstitutes(CrookersRemix) [389 Sekunden]
15:41:37 21.04.2010: The Bloody Beetroots - WARP 1977 (Feat. Steve Aoki & [184 Sekunden]
15:44:42 21.04.2010: Calvin Harris - Disco Heat [429 Sekunden]
15:51:51 21.04.2010: The Bloody Beetroots Feat Stev - WARP 1.9 [233 Sekunden]
15:55:44 21.04.2010: Steve Aoki  - Steve Aoki - Bloc Party [351 Sekunden]
16:01:36 21.04.2010: Calvin Harris - Disco Heat [429 Sekunden]
16:08:45 21.04.2010: The Bloody Beetroots Feat Stev - WARP 1.9 [233 Sekunden]
16:12:38 21.04.2010: Steve Angello & Laidback Luke - Be (laidback lukes rave-edit) [418 Sekunden]
16:19:36 21.04.2010: AdamSkyVSMarkStewart - WeAreAllProstitutes(CrookersRemix) [389 Sekunden]
16:26:06 21.04.2010: Alex Gopher  - Alex Gopher - Aurora (Original [344 Sekunden]
16:31:50 21.04.2010: The Bloody Beetroots - WARP 1977 (Feat. Steve Aoki & [184 Sekunden]
16:34:55 21.04.2010: Steve Aoki  - Steve Aoki - Bloc Party [351 Sekunden]
16:40:46 21.04.2010: Calvin Harris - Disco Heat [429 Sekunden]
16:47:55 21.04.2010: The Bloody Beetroots - WARP 1977 (Feat. Steve Aoki & [184 Sekunden]
16:50:59 21.04.2010: Steve Angello & Laidback Luke - Be (laidback lukes rave-edit) [418 Sekunden]
16:57:58 21.04.2010: Alex Gopher  - Alex Gopher - Aurora (Original [344 Sekunden]
17:03:42 21.04.2010: Steve Aoki  - Steve Aoki - Bloc Party [351 Sekunden]
17:09:33 21.04.2010: Calvin Harris - Disco Heat [429 Sekunden]
17:16:43 21.04.2010: Steve Aoki  - Steve Aoki - Bloc Party [351 Sekunden]
17:22:34 21.04.2010: Alex Gopher  - Alex Gopher - Aurora (Original [344 Sekunden]
17:28:19 21.04.2010: Crookers - Il Buono - Original Mix [292 Sekunden]
17:33:11 21.04.2010: Dizzee Rascal feat. Calvin Har - Dance Wiv Me [203 Sekunden]
17:36:34 21.04.2010: The Bloody Beetroots - WARP 1977 (Feat. Steve Aoki & [184 Sekunden]
17:39:39 21.04.2010: Steve Angello & Laidback Luke - Be (laidback lukes rave-edit) [418 Sekunden]
17:46:37 21.04.2010: AdamSkyVSMarkStewart - WeAreAllProstitutes(CrookersRemix) [389 Sekunden]
17:53:06 21.04.2010: 9A - ACDC - Thunderstruck (Crookers Remix) [326 Sekunden]
17:58:33 21.04.2010: The Bloody Beetroots - WARP 1977 (Feat. Steve Aoki & [184 Sekunden]
18:01:37 21.04.2010: Calvin Harris - Disco Heat [429 Sekunden]
18:08:46 21.04.2010: The Bloody Beetroots - WARP 1977 (Feat. Steve Aoki & [184 Sekunden]
18:11:51 21.04.2010: Calvin Harris - This Is the Industry [236 Sekunden]
18:15:47 21.04.2010: Calvin Harris - This Is the Industry [236 Sekunden]
18:19:43 21.04.2010: Dizzee Rascal feat. Calvin Har - Dance Wiv Me [203 Sekunden]
18:23:07 21.04.2010: Calvin Harris - Neon Rocks [229 Sekunden]
18:26:56 21.04.2010: Calvin Harris - Girls [315 Sekunden]
18:32:11 21.04.2010: Calvin Harris - Acceptable in the 80s [334 Sekunden]
18:37:46 21.04.2010: Calvin Harris - Merrymaking at My Place [251 Sekunden]
18:41:57 21.04.2010: Calvin Harris - This Is the Industry [236 Sekunden]
18:45:53 21.04.2010: Calvin Harris - Love Souvenir [261 Sekunden]
18:50:15 21.04.2010: Calvin Harris - Neon Rocks [229 Sekunden]
18:54:04 21.04.2010: Calvin Harris - Merrymaking at My Place [251 Sekunden]
17:14:15 23.04.2010: Calvin Harris - Vault Character [8 Sekunden]
17:15:19 23.04.2010: Calvin Harris - Acceptable in the 80s [334 Sekunden]
17:18:03 23.04.2010: Calvin Harris - Vault Character [8 Sekunden]
17:18:11 23.04.2010: Calvin Harris - Acceptable in the 80s [334 Sekunden]
17:23:46 23.04.2010: Calvin Harris - Girls [315 Sekunden]
17:29:01 23.04.2010: The Killers - Spacemen (Steve Aoki & The Bloody Beetroots Remix) [289 Sekunden]
17:33:50 23.04.2010: Steve Aoki -  1967 [225 Sekunden]
17:37:36 23.04.2010: Calvin Harris - This Is the Industry [236 Sekunden]
17:41:32 23.04.2010:  -  [ Sekunden]
17:46:05 23.04.2010: Calvin Harris - Vegas [343 Sekunden]
17:51:48 23.04.2010: Calvin Harris - Colours [243 Sekunden]
17:55:52 23.04.2010: Calvin Harris - Acceptable in the 80s [334 Sekunden]
18:05:57 23.04.2010: Calvin Harris - Girls [315 Sekunden]
16:24:51 23.04.2010: Calvin Harris - Certified [248 Sekunden]
13:16:53 28.04.2010: Basement Jaxx - Set your body free (Crookers Remix) [342 Sekunden]
13:18:22 28.04.2010: Calvin Harris - Neon Rocks [229 Sekunden]
13:19:22 28.04.2010: Calvin Harris - Girls [315 Sekunden]
13:20:07 28.04.2010: Calvin Harris - Girls [315 Sekunden]
13:20:15 28.04.2010: Calvin Harris - Girls [315 Sekunden]
13:25:30 28.04.2010: Calvin Harris - Certified [248 Sekunden]
13:29:39 28.04.2010: The Killers - Spacemen (Steve Aoki & The Bloody Beetroots Remix) [289 Sekunden]
13:34:28 28.04.2010: Calvin Harris - Vegas [343 Sekunden]
13:40:11 28.04.2010: Steve Aoki - 1967 [225 Sekunden]
13:43:57 28.04.2010: Calvin Harris - I Created Disco [249 Sekunden]
13:48:06 28.04.2010: Calvin Harris - Acceptable in the 80s [334 Sekunden]
13:53:40 28.04.2010: Calvin Harris - Merrymaking at My Place [251 Sekunden]
13:57:52 28.04.2010: Steve Aoki - 1967 [225 Sekunden]
14:01:37 28.04.2010: Calvin Harris - Colours [243 Sekunden]
14:05:41 28.04.2010: Calvin Harris - Neon Rocks [229 Sekunden]
14:09:30 28.04.2010: Calvin Harris - Girls [315 Sekunden]
14:14:45 28.04.2010: The Killers - Spacemen (Steve Aoki & The Bloody Beetroots Remix) [289 Sekunden]
14:19:35 28.04.2010: The Killers - Spacemen (Steve Aoki & The Bloody Beetroots Remix) [289 Sekunden]
14:24:24 28.04.2010: Steve Aoki - 1967 [225 Sekunden]
14:28:09 28.04.2010: Calvin Harris - Love Souvenir [261 Sekunden]
14:32:30 28.04.2010: Calvin Harris - This Is the Industry [236 Sekunden]
14:36:27 28.04.2010: Calvin Harris - Acceptable in the 80s [334 Sekunden]
14:42:01 28.04.2010: Calvin Harris - Electro Man [300 Sekunden]
14:47:01 28.04.2010: Calvin Harris - This Is the Industry [236 Sekunden]
14:50:58 28.04.2010: Calvin Harris - I Created Disco [249 Sekunden]
14:55:07 28.04.2010: Calvin Harris - Girls [315 Sekunden]
15:00:22 28.04.2010: Calvin Harris - I Created Disco [249 Sekunden]
15:04:31 28.04.2010: Calvin Harris - Acceptable in the 80s [334 Sekunden]
15:10:06 28.04.2010: Calvin Harris - This Is the Industry [236 Sekunden]
15:14:02 28.04.2010: Calvin Harris - Acceptable in the 80s [334 Sekunden]
15:19:36 28.04.2010: Calvin Harris - Vegas [343 Sekunden]
15:25:20 28.04.2010: Calvin Harris - Merrymaking at My Place [251 Sekunden]
15:29:31 28.04.2010: The Killers - Spacemen (Steve Aoki & The Bloody Beetroots Remix) [289 Sekunden]
15:34:20 28.04.2010: Calvin Harris - Certified [248 Sekunden]
15:38:29 28.04.2010: Calvin Harris - I Created Disco [249 Sekunden]
15:42:38 28.04.2010: Steve Aoki - 1967 [225 Sekunden]
15:46:23 28.04.2010: Calvin Harris - This Is the Industry [236 Sekunden]
15:50:19 28.04.2010: Calvin Harris - This Is the Industry [236 Sekunden]
15:54:15 28.04.2010: Steve Aoki - 1967 [225 Sekunden]
15:58:01 28.04.2010: Calvin Harris - Acceptable in the 80s [334 Sekunden]
16:03:35 28.04.2010: Calvin Harris - Electro Man [300 Sekunden]
16:08:36 28.04.2010: Calvin Harris - I Created Disco [249 Sekunden]
16:12:45 28.04.2010: Calvin Harris - Electro Man [300 Sekunden]
16:17:45 28.04.2010: Calvin Harris - Vegas [343 Sekunden]
16:23:28 28.04.2010: Calvin Harris - Vegas [343 Sekunden]
16:29:12 28.04.2010: Calvin Harris - Girls [315 Sekunden]
16:34:27 28.04.2010: Calvin Harris - Acceptable in the 80s [334 Sekunden]
16:40:01 28.04.2010: Calvin Harris - Acceptable in the 80s [334 Sekunden]
10:17:12 30.04.2010: Calvin Harris - Girls [315 Sekunden]
10:18:05 30.04.2010: Calvin Harris - I Created Disco [249 Sekunden]
10:22:14 30.04.2010: Calvin Harris - This Is the Industry [236 Sekunden]
10:26:10 30.04.2010: Calvin Harris - Certified [248 Sekunden]
10:30:19 30.04.2010: Steve Aoki - 1967 [225 Sekunden]
10:34:04 30.04.2010: Calvin Harris - Neon Rocks [229 Sekunden]
10:37:53 30.04.2010: Calvin Harris - Acceptable in the 80s [334 Sekunden]
10:43:27 30.04.2010: Calvin Harris - Girls [315 Sekunden]
10:48:43 30.04.2010: The Killers - Spacemen (Steve Aoki & The Bloody Beetroots Remix) [289 Sekunden]
10:53:32 30.04.2010: The Killers - Spacemen (Steve Aoki & The Bloody Beetroots Remix) [289 Sekunden]
11:03:18 30.04.2010: Basement Jaxx - Set your body free (Crookers Remix) [342 Sekunden]
11:09:00 30.04.2010: Calvin Harris - Love Souvenir [261 Sekunden]
11:13:22 30.04.2010: Calvin Harris - Colours [243 Sekunden]
11:17:25 30.04.2010: Calvin Harris - Electro Man [300 Sekunden]
11:22:26 30.04.2010: Calvin Harris - Merrymaking at My Place [251 Sekunden]
11:26:37 30.04.2010: Calvin Harris - Vegas [343 Sekunden]
11:32:20 30.04.2010: Calvin Harris - Merrymaking at My Place [251 Sekunden]
11:36:31 30.04.2010:  -  [ Sekunden]
11:37:02 30.04.2010:  -  [ Sekunden]
11:37:32 30.04.2010:  -  [ Sekunden]
11:38:02 30.04.2010:  -  [ Sekunden]
11:38:32 30.04.2010:  -  [ Sekunden]
11:39:03 30.04.2010:  -  [ Sekunden]
11:39:33 30.04.2010:  -  [ Sekunden]
11:40:03 30.04.2010:  -  [ Sekunden]
11:40:33 30.04.2010:  -  [ Sekunden]
11:41:04 30.04.2010: Basement Jaxx - Set your body free (Crookers Remix) [342 Sekunden]
11:46:46 30.04.2010: The Killers - Spacemen (Steve Aoki & The Bloody Beetroots Remix) [289 Sekunden]
11:51:35 30.04.2010: Calvin Harris - Certified [248 Sekunden]
11:55:44 30.04.2010: Calvin Harris - Girls [315 Sekunden]
12:00:59 30.04.2010: Calvin Harris - Colours [243 Sekunden]
12:05:02 30.04.2010: Crookers - Il Cattivo [292 Sekunden]
12:09:55 30.04.2010: Azzido Da Bass - Dooms Night (Crookers Bum Mix) [398 Sekunden]
12:16:33 30.04.2010: Calvin Harris - This Is the Industry [236 Sekunden]
12:20:29 30.04.2010: Armand Van Helden - I Want Your Soul (Crookers Crunk Remix) [300 Sekunden]
12:25:29 30.04.2010: Calvin Harris - Love Souvenir [261 Sekunden]
12:29:51 30.04.2010: Calvin Harris - Electro Man [300 Sekunden]
12:34:51 30.04.2010: Calvin Harris - Vegas [343 Sekunden]
12:40:34 30.04.2010: Calvin Harris - Girls [315 Sekunden]
12:45:50 30.04.2010: Steve Aoki - 1967 [225 Sekunden]
12:49:35 30.04.2010: The Killers - Spacemen (Steve Aoki & The Bloody Beetroots Remix) [289 Sekunden]
12:54:24 30.04.2010: Calvin Harris - Acceptable in the 80s [334 Sekunden]
12:59:59 30.04.2010: Crookers - Il Cattivo [292 Sekunden]
13:04:51 30.04.2010: Calvin Harris - Merrymaking at My Place [251 Sekunden]
13:09:02 30.04.2010: Busy P - To Protect And Entertain (Crookers Remix) [308 Sekunden]
13:14:10 30.04.2010: Clark Able - Lemonhead (Crookers remix) [311 Sekunden]
13:19:22 30.04.2010: Calvin Harris - Acceptable in the 80s [334 Sekunden]
13:24:56 30.04.2010: Azzido Da Bass - Dooms Night (Crookers Bum Mix) [398 Sekunden]
13:31:34 30.04.2010: Calvin Harris - Girls [315 Sekunden]
13:36:50 30.04.2010: The Whip - Trash (Crookers Remix) [363 Sekunden]
13:42:53 30.04.2010: Timbaland - The Way I Are (Crookers Remix) [324 Sekunden]
13:48:17 30.04.2010: Calvin Harris - Merrymaking at My Place [251 Sekunden]
13:52:29 30.04.2010: Busy P - To Protect And Entertain (Crookers Remix) [308 Sekunden]
13:57:37 30.04.2010: Calvin Harris - Certified [248 Sekunden]
14:01:45 30.04.2010: Calvin Harris - Neon Rocks [229 Sekunden]
14:05:35 30.04.2010: Calvin Harris - Love Souvenir [261 Sekunden]
14:09:57 30.04.2010:  -  [ Sekunden]
14:10:27 30.04.2010:  -  [ Sekunden]
14:10:57 30.04.2010:  -  [ Sekunden]
14:11:28 30.04.2010: The Whip - Trash (Crookers Remix) [363 Sekunden]
14:17:31 30.04.2010:  -  [ Sekunden]
14:18:01 30.04.2010:  -  [ Sekunden]
14:18:32 30.04.2010:  -  [ Sekunden]
14:19:02 30.04.2010:  -  [ Sekunden]
14:19:32 30.04.2010:  -  [ Sekunden]
14:20:03 30.04.2010:  -  [ Sekunden]
14:20:33 30.04.2010:  -  [ Sekunden]
14:21:04 30.04.2010:  -  [ Sekunden]
14:21:34 30.04.2010:  -  [ Sekunden]
14:22:04 30.04.2010:  -  [ Sekunden]
14:22:34 30.04.2010:  -  [ Sekunden]
14:23:05 30.04.2010:  -  [ Sekunden]
14:23:35 30.04.2010:  -  [ Sekunden]
14:24:05 30.04.2010:  -  [ Sekunden]
14:24:36 30.04.2010:  -  [ Sekunden]
14:25:06 30.04.2010:  -  [ Sekunden]
14:25:37 30.04.2010:  -  [ Sekunden]
14:26:07 30.04.2010:  -  [ Sekunden]
14:26:37 30.04.2010:  -  [ Sekunden]
14:27:07 30.04.2010:  -  [ Sekunden]
14:27:38 30.04.2010:  -  [ Sekunden]
14:28:08 30.04.2010:  -  [ Sekunden]
14:28:38 30.04.2010:  -  [ Sekunden]
14:29:09 30.04.2010:  -  [ Sekunden]
14:29:39 30.04.2010:  -  [ Sekunden]
14:30:09 30.04.2010:  -  [ Sekunden]
14:30:39 30.04.2010:  -  [ Sekunden]
14:31:10 30.04.2010:  -  [ Sekunden]
14:31:40 30.04.2010:  -  [ Sekunden]
14:32:10 30.04.2010:  -  [ Sekunden]
14:32:41 30.04.2010:  -  [ Sekunden]
14:33:11 30.04.2010:  -  [ Sekunden]
14:33:41 30.04.2010:  -  [ Sekunden]
14:34:12 30.04.2010:  -  [ Sekunden]
14:34:42 30.04.2010:  -  [ Sekunden]
14:35:12 30.04.2010:  -  [ Sekunden]
14:35:42 30.04.2010:  -  [ Sekunden]
14:36:13 30.04.2010:  -  [ Sekunden]
14:36:43 30.04.2010:  -  [ Sekunden]
14:37:13 30.04.2010:  -  [ Sekunden]
14:37:43 30.04.2010:  -  [ Sekunden]
14:38:14 30.04.2010:  -  [ Sekunden]
14:38:44 30.04.2010:  -  [ Sekunden]
14:39:15 30.04.2010:  -  [ Sekunden]
14:39:45 30.04.2010:  -  [ Sekunden]
14:40:15 30.04.2010:  -  [ Sekunden]
14:40:45 30.04.2010:  -  [ Sekunden]
14:41:16 30.04.2010:  -  [ Sekunden]
14:41:46 30.04.2010:  -  [ Sekunden]
14:42:16 30.04.2010:  -  [ Sekunden]
14:42:46 30.04.2010:  -  [ Sekunden]
14:43:17 30.04.2010:  -  [ Sekunden]
14:43:47 30.04.2010:  -  [ Sekunden]
14:44:17 30.04.2010:  -  [ Sekunden]
14:44:48 30.04.2010:  -  [ Sekunden]
14:45:18 30.04.2010:  -  [ Sekunden]
14:45:48 30.04.2010:  -  [ Sekunden]
14:46:19 30.04.2010:  -  [ Sekunden]
14:46:49 30.04.2010:  -  [ Sekunden]
14:47:19 30.04.2010:  -  [ Sekunden]
14:47:50 30.04.2010:  -  [ Sekunden]
14:48:20 30.04.2010:  -  [ Sekunden]
14:48:50 30.04.2010:  -  [ Sekunden]
14:49:21 30.04.2010:  -  [ Sekunden]
14:49:51 30.04.2010: Azzido Da Bass - Dooms Night (Crookers Bum Mix) [398 Sekunden]
14:56:29 30.04.2010: The Whip - Trash (Crookers Remix Ceeril Klein Re-work) [379 Sekunden]
15:02:49 30.04.2010: Bumblebeez - Rio (Crookers Bang Remix) [316 Sekunden]
15:08:05 30.04.2010: Brodinski - Bad Runner (Crookers Mix) [350 Sekunden]
15:13:55 30.04.2010: Clark Able - Lemonhead (Crookers remix) [311 Sekunden]
15:19:07 30.04.2010: Armand Van Helden - I Want Your Soul (Crookers Crunk Remix) [300 Sekunden]
15:24:07 30.04.2010: Crookers - Bushman [357 Sekunden]
15:30:05 30.04.2010: Fischerspooner - The Best Revenge (Alex Gopher Retaliation Remix) [305 Sekunden]
15:35:10 30.04.2010: Isa GT - Pela\'o (Crookers Remix) [299 Sekunden]
15:40:10 30.04.2010: The White Stripes vs. Disco Trash Music - Seven Rave Nation Army [268 Sekunden]
15:44:38 30.04.2010: Ladyhawke - Paris Is Burning (Alex Gopher Remix) [410 Sekunden]
15:51:29 30.04.2010: Kid Cudi - Day 'N' Nite (Crookers Remix) [282 Sekunden]
15:56:11 30.04.2010: Crookers - Big Fat Club Ass [354 Sekunden]
16:02:05 30.04.2010: Basement Jaxx - Set your body free (Crookers Remix) [342 Sekunden]
16:07:48 30.04.2010: Crookers - Il Cattivo [292 Sekunden]
16:12:40 30.04.2010: Chromeo - Fancy Footwork (Crookers) [327 Sekunden]
16:18:07 30.04.2010: The Ting Tings - Great DJ (Calvin Harris Remix) [426 Sekunden]
09:55:02 03.05.2010: John Roman - Warp It Down (The Bloody Beetroots vs. Laidback Luke & A-Trak) [297 Sekunden]
10:00:00 03.05.2010: Crookers - Lick My Lennon (The Bloody Beet Roots Remix) [259 Sekunden]
10:04:19 03.05.2010: Zoo Brazil & Adam Sky - Circle Jerk (The Bloody Beetroots Remix) [275 Sekunden]
10:08:55 03.05.2010: The Killers - Spacemen (Steve Aoki & The Bloody Beetroots Remix) [289 Sekunden]
10:13:44 03.05.2010: Calvin Harris - Certified [248 Sekunden]
10:17:52 03.05.2010: Bonde De Role - Gasolina (Crookers remix) [308 Sekunden]
10:23:00 03.05.2010: Calvin Harris - Acceptable in the 80s [334 Sekunden]
10:28:35 03.05.2010: Calvin Harris - Neon Rocks [229 Sekunden]
10:32:24 03.05.2010: Cut Copy - Hearts on Fire (Calvin Harris Remix) [339 Sekunden]
10:38:06 03.05.2010: Calvin Harris - Merrymaking at My Place [251 Sekunden]
10:42:17 03.05.2010: Calvin Harris - Love Souvenir [261 Sekunden]
10:46:39 03.05.2010: Bumblebeez - Dr Love (Crookers Remix) [337 Sekunden]
10:52:16 03.05.2010: Calvin Harris - Girls [315 Sekunden]
10:57:31 03.05.2010: Calvin Harris - This Is the Industry [236 Sekunden]
11:01:28 03.05.2010: Calvin Harris - I Created Disco [249 Sekunden]
11:05:37 03.05.2010: Crookers - All The Girls Standing In The Line... [289 Sekunden]
11:10:26 03.05.2010: Calvin Harris - Vegas [343 Sekunden]
11:16:10 03.05.2010: Calvin Harris - Colours [243 Sekunden]
11:20:13 03.05.2010: Jamiroquai - Canned Heat (Calvin Harris Remix) [345 Sekunden]
11:25:59 03.05.2010: Calvin Harris - Electro Man [300 Sekunden]
11:30:59 03.05.2010: Ladyhawke - Paris Is Burning (Alex Gopher Remix) [410 Sekunden]
11:37:49 03.05.2010: Crookers - Knobbers [302 Sekunden]
11:42:51 03.05.2010: All Saints - Rock Steady (Calvin Harris Remix) [218 Sekunden]
11:46:29 03.05.2010: The Ting Tings - Great DJ (Calvin Harris Remix) [426 Sekunden]
11:53:36 03.05.2010: Nelly Furtado - Maneater (Crookers Remix) [321 Sekunden]
11:59:06 03.05.2010: Fischerspooner - The Best Revenge (Alex Gopher Retaliation Remix) [305 Sekunden]
12:04:11 03.05.2010: The Chemical Brothers feat. Fatlip - The Salmon Dance (Crookers WoW Remix) [317 Sekunden]
12:09:29 03.05.2010: Kid Sister - Get Fresh (Alex Gopher Remix) [306 Sekunden]
12:10:09 03.05.2010: Armand Van Helden - I Want Your Soul (Crookers Crunk Remix) [300 Sekunden]
12:15:12 03.05.2010: Timbaland - The Way I Are (Crookers Remix) [324 Sekunden]
12:20:36 03.05.2010: Crookers - Il Cattivo [292 Sekunden]
12:25:29 03.05.2010: MSTRKRFT (Feat John Legend) - Heartbreaker (Laidback Luke Remix) [332 Sekunden]
12:31:01 03.05.2010: Steed Lord - Dirty Mutha (Crookers Remix) [317 Sekunden]
12:36:20 03.05.2010: Magik Johnson - The Bushman (Crookers Remix) [357 Sekunden]
12:42:17 03.05.2010: Crookers - Big Fat Club Ass [354 Sekunden]
12:48:12 03.05.2010: Azzido Da Bass - Dooms Night (Crookers Bum Mix) [398 Sekunden]
12:54:50 03.05.2010: Calvin Harris - Certified [248 Sekunden]
12:58:58 03.05.2010: Calvin Harris - This Is the Industry [236 Sekunden]
13:02:54 03.05.2010: Crookers - Lick My Lennon (The Bloody Beet Roots Remix) [259 Sekunden]
13:07:14 03.05.2010: Jesse Rose - Touch My Horn (Crookers Remix) [302 Sekunden]
13:12:16 03.05.2010: Kid Cudi - Day 'N' Nite (Crookers Remix) [282 Sekunden]
13:16:58 03.05.2010: Miike Snow - Animal (Crookers Remix) [203 Sekunden]
13:20:21 03.05.2010: Autokratz - Stay The Same (Alex Gopher Dub Mix) [314 Sekunden]
13:25:35 03.05.2010: Mixhell - Boom Da (Crookers Remix) [275 Sekunden]
13:30:11 03.05.2010: Tocadisco ft. Lennart A. Salom - Better Begin (Alex Gopher Remix) [378 Sekunden]
13:36:29 03.05.2010: John Roman - Warp It Down (The Bloody Beetroots vs. Laidback Luke & A-Trak) [297 Sekunden]
13:41:26 03.05.2010: The Killers - Spacemen (Steve Aoki & The Bloody Beetroots Remix) [289 Sekunden]
13:46:16 03.05.2010: Moby - I Love To move in Here (Crookers Crack Mix) [277 Sekunden]
13:50:53 03.05.2010: Tocadisco Feat. Chelonis R. Jones - Shrine (Crookers Remix) [322 Sekunden]
13:56:15 03.05.2010: Carnifull Trio - Song for Guido (Crookers Crunk Mix) 256 [304 Sekunden]
14:01:19 03.05.2010: Crookers - Mad Kidz [297 Sekunden]
14:06:16 03.05.2010: Crookers - Magic Bus [317 Sekunden]
14:11:34 03.05.2010: Crookers - Massive [339 Sekunden]
14:17:13 03.05.2010: Don Rimini - Let Me Back Up (Crookers Tetsujin Mix) [351 Sekunden]
14:23:04 03.05.2010: Crookers - My Penny [280 Sekunden]
14:27:45 03.05.2010: Calvin Harris - I Created Disco [249 Sekunden]
14:31:54 03.05.2010: Crookers - Soca Ali Baba (feat MC Dandao) [325 Sekunden]
14:37:19 03.05.2010: Crookers - Atomic Baile Boy [377 Sekunden]
14:43:36 03.05.2010: Dusty Kid - The Cat (Crookers Remix) [363 Sekunden]
14:49:40 03.05.2010: Nirvana vs. Disco Trash Music - Smells Like Neon Spirit [271 Sekunden]
14:54:11 03.05.2010: Crookers - Work in Progress [259 Sekunden]
14:58:30 03.05.2010: EDU K - Gatas Gatas Gatas (Crookers Remix) [308 Sekunden]
15:03:38 03.05.2010: EDU K - Me Bota Pra Dancar (Crookers Mix) [275 Sekunden]
15:08:14 03.05.2010: Crookers - Summer of 98 [305 Sekunden]
15:13:19 03.05.2010: Isa GT - Pela'o (Crookers Remix) [299 Sekunden]
15:18:18 03.05.2010: Jamelia - Something About You (Crookers Crunky Remix) [300 Sekunden]
15:23:18 03.05.2010: Shameboy - Rechoque Redux (Alex Gopher Remix) [338 Sekunden]
15:28:57 03.05.2010: Cut Copy - Hearts on Fire (Calvin Harris Remix) [339 Sekunden]
15:34:36 03.05.2010: Calvin Harris - Merrymaking at My Place [251 Sekunden]
15:38:47 03.05.2010: Crookers - Secousse (Crookers Spino Remix) [272 Sekunden]
15:43:19 03.05.2010: Stylophonic - Baby Beat Box (Crookers Remix) [326 Sekunden]
15:48:46 03.05.2010: Calvin Harris - Neon Rocks [229 Sekunden]
15:52:35 03.05.2010: Calvin Harris - Love Souvenir [261 Sekunden]
15:56:56 03.05.2010: The White Stripes vs. Disco Trash Music - Seven Rave Nation Army [268 Sekunden]
16:01:24 03.05.2010: Run DMC - Otherwize Like That (Laidback Luke Remix) [322 Sekunden]
16:06:47 03.05.2010: The Whip - Trash (Crookers Remix) [363 Sekunden]
16:12:50 03.05.2010: Steve Aoki - 1967 (Special Edit) [253 Sekunden]
16:17:03 03.05.2010: Wiley - In The Summer (Crookers Remix) [321 Sekunden]
16:22:25 03.05.2010: Zoo Brazil & Adam Sky - Circle Jerk (The Bloody Beetroots Remix) [275 Sekunden]
16:27:00 03.05.2010: Calvin Harris - Girls [315 Sekunden]
16:32:15 03.05.2010: Calvin Harris - Acceptable in the 80s [334 Sekunden]
16:37:49 03.05.2010: Bumblebeez - Dr Love (Crookers Remix) [337 Sekunden]
16:43:27 03.05.2010: Steve Aoki - Scanners, Low Lif [347 Sekunden]
16:49:14 03.05.2010: Crookers - Aguas de Parco [374 Sekunden]
16:55:28 03.05.2010: Clark Able - Lemonhead (Crookers remix) [311 Sekunden]
17:00:39 03.05.2010: Cazals - Life Is Boring (Crookers No Fear To Fly Remix) [317 Sekunden]
17:05:57 03.05.2010: Bonde De Role - Gasolina (Crookers remix) [308 Sekunden]
